<?xml version="1.0" encoding="UTF-8"?>
<!-- Generated by org.testng.reporters.JUnitXMLReporter -->
<testsuite ignored="0" hostname="suriya" failures="0" tests="6" name="Test" time="15.099" errors="0" timestamp="2023-12-13T22:55:10 IST">
  <testcase classname="shoe.addidas" name="openAddidas" time="8.664"/>
  <testcase classname="shoe.puma" name="openPuma" time="10.029"/>
  <testcase classname="watch.sonata" name="openSonata" time="11.7"/>
  <testcase classname="watch.fireBoult" name="openFireboult" time="12.894"/>
  <testcase classname="watch.fastTrack" name="openFasttrack" time="4.964"/>
  <testcase classname="shoe.bata" name="openBata" time="15.036"/>
</testsuite> <!-- Test -->
