<?xml version="1.0" encoding="UTF-8"?>
<testng-results ignored="0" total="2" passed="2" failed="0" skipped="0">
  <reporter-output>
    <line>
      <![CDATA[launch browser]]>
    </line>
    <line>
      <![CDATA[login]]>
    </line>
    <line>
      <![CDATA[haii]]>
    </line>
    <line>
      <![CDATA[logout]]>
    </line>
    <line>
      <![CDATA[login]]>
    </line>
    <line>
      <![CDATA[bye]]>
    </line>
    <line>
      <![CDATA[logout]]>
    </line>
    <line>
      <![CDATA[close the browser]]>
    </line>
  </reporter-output>
  <suite started-at="2023-12-14T00:11:55 IST" name="Default suite" finished-at="2023-12-14T00:12:05 IST" duration-ms="9962">
    <groups>
    </groups>
    <test started-at="2023-12-14T00:11:55 IST" name="Default test" finished-at="2023-12-14T00:12:05 IST" duration-ms="9962">
      <class name="Rockesh.testCase">
        <test-method is-config="true" signature="beforeSuite()[pri:0, instance:Rockesh.testCase@51e5fc98]" started-at="2023-12-14T00:11:55 IST" name="beforeSuite" finished-at="2023-12-14T00:11:55 IST" duration-ms="8" status="PASS">
          <reporter-output>
          </reporter-output>
        </test-method> <!-- beforeSuite -->
        <test-method is-config="true" signature="beforeTest()[pri:0, instance:Rockesh.testCase@51e5fc98]" started-at="2023-12-14T00:11:55 IST" name="beforeTest" finished-at="2023-12-14T00:11:55 IST" duration-ms="0" status="PASS">
          <reporter-output>
          </reporter-output>
        </test-method> <!-- beforeTest -->
        <test-method is-config="true" signature="launchBrowser()[pri:0, instance:Rockesh.testCase@51e5fc98]" started-at="2023-12-14T00:11:55 IST" name="launchBrowser" finished-at="2023-12-14T00:11:57 IST" duration-ms="2319" status="PASS">
          <reporter-output>
            <line>
              <![CDATA[launch browser]]>
            </line>
          </reporter-output>
        </test-method> <!-- launchBrowser -->
        <test-method is-config="true" signature="login()[pri:0, instance:Rockesh.testCase@51e5fc98]" started-at="2023-12-14T00:11:57 IST" name="login" finished-at="2023-12-14T00:12:01 IST" duration-ms="3975" status="PASS">
          <reporter-output>
            <line>
              <![CDATA[login]]>
            </line>
          </reporter-output>
        </test-method> <!-- login -->
        <test-method signature="test1()[pri:0, instance:Rockesh.testCase@51e5fc98]" started-at="2023-12-14T00:12:01 IST" name="test1" finished-at="2023-12-14T00:12:01 IST" duration-ms="6" status="PASS">
          <reporter-output>
            <line>
              <![CDATA[haii]]>
            </line>
          </reporter-output>
        </test-method> <!-- test1 -->
        <test-method is-config="true" signature="logOut()[pri:0, instance:Rockesh.testCase@51e5fc98]" started-at="2023-12-14T00:12:01 IST" name="logOut" finished-at="2023-12-14T00:12:02 IST" duration-ms="791" status="PASS">
          <reporter-output>
            <line>
              <![CDATA[logout]]>
            </line>
          </reporter-output>
        </test-method> <!-- logOut -->
        <test-method is-config="true" signature="login()[pri:0, instance:Rockesh.testCase@51e5fc98]" started-at="2023-12-14T00:12:02 IST" name="login" finished-at="2023-12-14T00:12:04 IST" duration-ms="1886" status="PASS">
          <reporter-output>
            <line>
              <![CDATA[login]]>
            </line>
          </reporter-output>
        </test-method> <!-- login -->
        <test-method signature="test2()[pri:0, instance:Rockesh.testCase@51e5fc98]" started-at="2023-12-14T00:12:04 IST" name="test2" finished-at="2023-12-14T00:12:04 IST" duration-ms="1" status="PASS">
          <reporter-output>
            <line>
              <![CDATA[bye]]>
            </line>
          </reporter-output>
        </test-method> <!-- test2 -->
        <test-method is-config="true" signature="logOut()[pri:0, instance:Rockesh.testCase@51e5fc98]" started-at="2023-12-14T00:12:04 IST" name="logOut" finished-at="2023-12-14T00:12:05 IST" duration-ms="841" status="PASS">
          <reporter-output>
            <line>
              <![CDATA[logout]]>
            </line>
          </reporter-output>
        </test-method> <!-- logOut -->
        <test-method is-config="true" signature="closeBrowser()[pri:0, instance:Rockesh.testCase@51e5fc98]" started-at="2023-12-14T00:12:05 IST" name="closeBrowser" finished-at="2023-12-14T00:12:05 IST" duration-ms="114" status="PASS">
          <reporter-output>
            <line>
              <![CDATA[close the browser]]>
            </line>
          </reporter-output>
        </test-method> <!-- closeBrowser -->
        <test-method is-config="true" signature="afterTest()[pri:0, instance:Rockesh.testCase@51e5fc98]" started-at="2023-12-14T00:12:05 IST" name="afterTest" finished-at="2023-12-14T00:12:05 IST" duration-ms="0" status="PASS">
          <reporter-output>
          </reporter-output>
        </test-method> <!-- afterTest -->
        <test-method is-config="true" signature="afterSuite()[pri:0, instance:Rockesh.testCase@51e5fc98]" started-at="2023-12-14T00:12:05 IST" name="afterSuite" finished-at="2023-12-14T00:12:05 IST" duration-ms="0" status="PASS">
          <reporter-output>
          </reporter-output>
        </test-method> <!-- afterSuite -->
      </class> <!-- Rockesh.testCase -->
    </test> <!-- Default test -->
  </suite> <!-- Default suite -->
</testng-results>
